<?xml version="1.0" encoding="UTF-8"?>
<testsuite name="CabFareTest" tests="1" skipped="0" failures="0" errors="0" timestamp="2020-08-30T08:16:23" hostname="SUJITGARGATE" time="0.001">
  <properties/>
  <testcase name="givenDistanceAndTimeForJourney_ShouldReturnFalseForNegativeTest" classname="CabFareTest" time="0.001"/>
  <system-out><![CDATA[]]></system-out>
  <system-err><![CDATA[]]></system-err>
</testsuite>
