<?xml version="1.0" encoding="UTF-8"?>
<testsuite name="CabFareTest" tests="1" skipped="0" failures="1" errors="0" timestamp="2020-08-30T15:05:25" hostname="SUJITGARGATE" time="0.316">
  <properties/>
  <testcase name="givenDistanceAndTimeForMuiltipleJourney_ShouldReturnTotalFare" classname="CabFareTest" time="0.316">
    <failure message="java.lang.StackOverflowError" type="java.lang.StackOverflowError">java.lang.StackOverflowError
	at CabFareInvoice.&lt;init&gt;(CabFareInvoice.java:4)
	at CabFareInvoice.&lt;init&gt;(CabFareInvoice.java:4)
	at CabFareInvoice.&lt;init&gt;(CabFareInvoice.java:4)
	at CabFareInvoice.&lt;init&gt;(CabFareInvoice.java:4)
	at CabFareInvoice.&lt;init&gt;(CabFareInvoice.java:4)
	at CabFareInvoice.&lt;init&gt;(CabFareInvoice.java:4)
	at CabFareInvoice.&lt;init&gt;(CabFareInvoice.java:4)
	at CabFareInvoice.&lt;init&gt;(CabFareInvoice.java:4)
	at CabFareInvoice.&lt;init&gt;(CabFareInvoice.java:4)
	at CabFareInvoice.&lt;init&gt;(CabFareInvoice.java:4)
	at CabFareInvoice.&lt;init&gt;(CabFareInvoice.java:4)
	at CabFareInvoice.&lt;init&gt;(CabFareInvoice.java:4)
	at CabFareInvoice.&lt;init&gt;(CabFareInvoice.java:4)
	at CabFareInvoice.&lt;init&gt;(CabFareInvoice.java:4)
	at CabFareInvoice.&lt;init&gt;(CabFareInvoice.java:4)
	at CabFareInvoice.&lt;init&gt;(CabFareInvoice.java:4)
	at CabFareInvoice.&lt;init&gt;(CabFareInvoice.java:4)
	at CabFareInvoice.&lt;init&gt;(CabFareInvoice.java:4)
	at CabFareInvoice.&lt;init&gt;(CabFareInvoice.java:4)
	at CabFareInvoice.&lt;init&gt;(CabFareInvoice.java:4)
	at CabFareInvoice.&lt;init&gt;(CabFareInvoice.java:4)
	at CabFareInvoice.&lt;init&gt;(CabFareInvoice.java:4)
	at CabFareInvoice.&lt;init&gt;(CabFareInvoice.java:4)
	at CabFareInvoice.&lt;init&gt;(CabFareInvoice.java:4)
	at CabFareInvoice.&lt;init&gt;(CabFareInvoice.java:4)
	at CabFareInvoice.&lt;init&gt;(CabFareInvoice.java:4)
	at CabFareInvoice.&lt;init&gt;(CabFareInvoice.java:4)
	at CabFareInvoice.&lt;init&gt;(CabFareInvoice.java:4)
	at CabFareInvoice.&lt;init&gt;(CabFareInvoice.java:4)
	at CabFareInvoice.&lt;init&gt;(CabFareInvoice.java:4)
	at CabFareInvoice.&lt;init&gt;(CabFareInvoice.java:4)
	at CabFareInvoice.&lt;init&gt;(CabFareInvoice.java:4)
	at CabFareInvoice.&lt;init&gt;(CabFareInvoice.java:4)
	at CabFareInvoice.&lt;init&gt;(CabFareInvoice.java:4)
	at CabFareInvoice.&lt;init&gt;(CabFareInvoice.java:4)
	at CabFareInvoice.&lt;init&gt;(CabFareInvoice.java:4)
	at CabFareInvoice.&lt;init&gt;(CabFareInvoice.java:4)
	at CabFareInvoice.&lt;init&gt;(CabFareInvoice.java:4)
	at CabFareInvoice.&lt;init&gt;(CabFareInvoice.java:4)
	at CabFareInvoice.&lt;init&gt;(CabFareInvoice.java:4)
	at CabFareInvoice.&lt;init&gt;(CabFareInvoice.java:4)
	at CabFareInvoice.&lt;init&gt;(CabFareInvoice.java:4)
	at CabFareInvoice.&lt;init&gt;(CabFareInvoice.java:4)
	at CabFareInvoice.&lt;init&gt;(CabFareInvoice.java:4)
	at CabFareInvoice.&lt;init&gt;(CabFareInvoice.java:4)
	at CabFareInvoice.&lt;init&gt;(CabFareInvoice.java:4)
	at CabFareInvoice.&lt;init&gt;(CabFareInvoice.java:4)
	at CabFareInvoice.&lt;init&gt;(CabFareInvoice.java:4)
	at CabFareInvoice.&lt;init&gt;(CabFareInvoice.java:4)
	at CabFareInvoice.&lt;init&gt;(CabFareInvoice.java:4)
	at CabFareInvoice.&lt;init&gt;(CabFareInvoice.java:4)
	at CabFareInvoice.&lt;init&gt;(CabFareInvoice.java:4)
	at CabFareInvoice.&lt;init&gt;(CabFareInvoice.java:4)
	at CabFareInvoice.&lt;init&gt;(CabFareInvoice.java:4)
	at CabFareInvoice.&lt;init&gt;(CabFareInvoice.java:4)
	at CabFareInvoice.&lt;init&gt;(CabFareInvoice.java:4)
	at CabFareInvoice.&lt;init&gt;(CabFareInvoice.java:4)
	at CabFareInvoice.&lt;init&gt;(CabFareInvoice.java:4)
	at CabFareInvoice.&lt;init&gt;(CabFareInvoice.java:4)
	at CabFareInvoice.&lt;init&gt;(CabFareInvoice.java:4)
	at CabFareInvoice.&lt;init&gt;(CabFareInvoice.java:4)
	at CabFareInvoice.&lt;init&gt;(CabFareInvoice.java:4)
	at CabFareInvoice.&lt;init&gt;(CabFareInvoice.java:4)
	at CabFareInvoice.&lt;init&gt;(CabFareInvoice.java:4)
	at CabFareInvoice.&lt;init&gt;(CabFareInvoice.java:4)
	at CabFareInvoice.&lt;init&gt;(CabFareInvoice.java:4)
	at CabFareInvoice.&lt;init&gt;(CabFareInvoice.java:4)
	at CabFareInvoice.&lt;init&gt;(CabFareInvoice.java:4)
	at CabFareInvoice.&lt;init&gt;(CabFareInvoice.java:4)
	at CabFareInvoice.&lt;init&gt;(CabFareInvoice.java:4)
	at CabFareInvoice.&lt;init&gt;(CabFareInvoice.java:4)
	at CabFareInvoice.&lt;init&gt;(CabFareInvoice.java:4)
	at CabFareInvoice.&lt;init&gt;(CabFareInvoice.java:4)
	at CabFareInvoice.&lt;init&gt;(CabFareInvoice.java:4)
	at CabFareInvoice.&lt;init&gt;(CabFareInvoice.java:4)
	at CabFareInvoice.&lt;init&gt;(CabFareInvoice.java:4)
	at CabFareInvoice.&lt;init&gt;(CabFareInvoice.java:4)
	at CabFareInvoice.&lt;init&gt;(CabFareInvoice.java:4)
	at CabFareInvoice.&lt;init&gt;(CabFareInvoice.java:4)
	at CabFareInvoice.&lt;init&gt;(CabFareInvoice.java:4)
	at CabFareInvoice.&lt;init&gt;(CabFareInvoice.java:4)
	at CabFareInvoice.&lt;init&gt;(CabFareInvoice.java:4)
	at CabFareInvoice.&lt;init&gt;(CabFareInvoice.java:4)
	at CabFareInvoice.&lt;init&gt;(CabFareInvoice.java:4)
	at CabFareInvoice.&lt;init&gt;(CabFareInvoice.java:4)
	at CabFareInvoice.&lt;init&gt;(CabFareInvoice.java:4)
	at CabFareInvoice.&lt;init&gt;(CabFareInvoice.java:4)
	at CabFareInvoice.&lt;init&gt;(CabFareInvoice.java:4)
	at CabFareInvoice.&lt;init&gt;(CabFareInvoice.java:4)
	at CabFareInvoice.&lt;init&gt;(CabFareInvoice.java:4)
	at CabFareInvoice.&lt;init&gt;(CabFareInvoice.java:4)
	at CabFareInvoice.&lt;init&gt;(CabFareInvoice.java:4)
	at CabFareInvoice.&lt;init&gt;(CabFareInvoice.java:4)
	at CabFareInvoice.&lt;init&gt;(CabFareInvoice.java:4)
	at CabFareInvoice.&lt;init&gt;(CabFareInvoice.java:4)
	at CabFareInvoice.&lt;init&gt;(CabFareInvoice.java:4)
	at CabFareInvoice.&lt;init&gt;(CabFareInvoice.java:4)
	at CabFareInvoice.&lt;init&gt;(CabFareInvoice.java:4)
	at CabFareInvoice.&lt;init&gt;(CabFareInvoice.java:4)
	at CabFareInvoice.&lt;init&gt;(CabFareInvoice.java:4)
	at CabFareInvoice.&lt;init&gt;(CabFareInvoice.java:4)
	at CabFareInvoice.&lt;init&gt;(CabFareInvoice.java:4)
	at CabFareInvoice.&lt;init&gt;(CabFareInvoice.java:4)
	at CabFareInvoice.&lt;init&gt;(CabFareInvoice.java:4)
	at CabFareInvoice.&lt;init&gt;(CabFareInvoice.java:4)
	at CabFareInvoice.&lt;init&gt;(CabFareInvoice.java:4)
	at CabFareInvoice.&lt;init&gt;(CabFareInvoice.java:4)
	at CabFareInvoice.&lt;init&gt;(CabFareInvoice.java:4)
	at CabFareInvoice.&lt;init&gt;(CabFareInvoice.java:4)
	at CabFareInvoice.&lt;init&gt;(CabFareInvoice.java:4)
	at CabFareInvoice.&lt;init&gt;(CabFareInvoice.java:4)
	at CabFareInvoice.&lt;init&gt;(CabFareInvoice.java:4)
	at CabFareInvoice.&lt;init&gt;(CabFareInvoice.java:4)
	at CabFareInvoice.&lt;init&gt;(CabFareInvoice.java:4)
	at CabFareInvoice.&lt;init&gt;(CabFareInvoice.java:4)
	at CabFareInvoice.&lt;init&gt;(CabFareInvoice.java:4)
	at CabFareInvoice.&lt;init&gt;(CabFareInvoice.java:4)
	at CabFareInvoice.&lt;init&gt;(CabFareInvoice.java:4)
	at CabFareInvoice.&lt;init&gt;(CabFareInvoice.java:4)
	at CabFareInvoice.&lt;init&gt;(CabFareInvoice.java:4)
	at CabFareInvoice.&lt;init&gt;(CabFareInvoice.java:4)
	at CabFareInvoice.&lt;init&gt;(CabFareInvoice.java:4)
	at CabFareInvoice.&lt;init&gt;(CabFareInvoice.java:4)
	at CabFareInvoice.&lt;init&gt;(CabFareInvoice.java:4)
	at CabFareInvoice.&lt;init&gt;(CabFareInvoice.java:4)
	at CabFareInvoice.&lt;init&gt;(CabFareInvoice.java:4)
	at CabFareInvoice.&lt;init&gt;(CabFareInvoice.java:4)
	at CabFareInvoice.&lt;init&gt;(CabFareInvoice.java:4)
	at CabFareInvoice.&lt;init&gt;(CabFareInvoice.java:4)
	at CabFareInvoice.&lt;init&gt;(CabFareInvoice.java:4)
	at CabFareInvoice.&lt;init&gt;(CabFareInvoice.java:4)
	at CabFareInvoice.&lt;init&gt;(CabFareInvoice.java:4)
	at CabFareInvoice.&lt;init&gt;(CabFareInvoice.java:4)
	at CabFareInvoice.&lt;init&gt;(CabFareInvoice.java:4)
	at CabFareInvoice.&lt;init&gt;(CabFareInvoice.java:4)
	at CabFareInvoice.&lt;init&gt;(CabFareInvoice.java:4)
	at CabFareInvoice.&lt;init&gt;(CabFareInvoice.java:4)
	at CabFareInvoice.&lt;init&gt;(CabFareInvoice.java:4)
	at CabFareInvoice.&lt;init&gt;(CabFareInvoice.java:4)
	at CabFareInvoice.&lt;init&gt;(CabFareInvoice.java:4)
	at CabFareInvoice.&lt;init&gt;(CabFareInvoice.java:4)
	at CabFareInvoice.&lt;init&gt;(CabFareInvoice.java:4)
	at CabFareInvoice.&lt;init&gt;(CabFareInvoice.java:4)
	at CabFareInvoice.&lt;init&gt;(CabFareInvoice.java:4)
	at CabFareInvoice.&lt;init&gt;(CabFareInvoice.java:4)
	at CabFareInvoice.&lt;init&gt;(CabFareInvoice.java:4)
	at CabFareInvoice.&lt;init&gt;(CabFareInvoice.java:4)
	at CabFareInvoice.&lt;init&gt;(CabFareInvoice.java:4)
	at CabFareInvoice.&lt;init&gt;(CabFareInvoice.java:4)
	at CabFareInvoice.&lt;init&gt;(CabFareInvoice.java:4)
	at CabFareInvoice.&lt;init&gt;(CabFareInvoice.java:4)
	at CabFareInvoice.&lt;init&gt;(CabFareInvoice.java:4)
	at CabFareInvoice.&lt;init&gt;(CabFareInvoice.java:4)
	at CabFareInvoice.&lt;init&gt;(CabFareInvoice.java:4)
	at CabFareInvoice.&lt;init&gt;(CabFareInvoice.java:4)
	at CabFareInvoice.&lt;init&gt;(CabFareInvoice.java:4)
	at CabFareInvoice.&lt;init&gt;(CabFareInvoice.java:4)
	at CabFareInvoice.&lt;init&gt;(CabFareInvoice.java:4)
	at CabFareInvoice.&lt;init&gt;(CabFareInvoice.java:4)
	at CabFareInvoice.&lt;init&gt;(CabFareInvoice.java:4)
	at CabFareInvoice.&lt;init&gt;(CabFareInvoice.java:4)
	at CabFareInvoice.&lt;init&gt;(CabFareInvoice.java:4)
	at CabFareInvoice.&lt;init&gt;(CabFareInvoice.java:4)
	at CabFareInvoice.&lt;init&gt;(CabFareInvoice.java:4)
	at CabFareInvoice.&lt;init&gt;(CabFareInvoice.java:4)
	at CabFareInvoice.&lt;init&gt;(CabFareInvoice.java:4)
	at CabFareInvoice.&lt;init&gt;(CabFareInvoice.java:4)
	at CabFareInvoice.&lt;init&gt;(CabFareInvoice.java:4)
	at CabFareInvoice.&lt;init&gt;(CabFareInvoice.java:4)
	at CabFareInvoice.&lt;init&gt;(CabFareInvoice.java:4)
	at CabFareInvoice.&lt;init&gt;(CabFareInvoice.java:4)
	at CabFareInvoice.&lt;init&gt;(CabFareInvoice.java:4)
	at CabFareInvoice.&lt;init&gt;(CabFareInvoice.java:4)
	at CabFareInvoice.&lt;init&gt;(CabFareInvoice.java:4)
	at CabFareInvoice.&lt;init&gt;(CabFareInvoice.java:4)
	at CabFareInvoice.&lt;init&gt;(CabFareInvoice.java:4)
	at CabFareInvoice.&lt;init&gt;(CabFareInvoice.java:4)
	at CabFareInvoice.&lt;init&gt;(CabFareInvoice.java:4)
	at CabFareInvoice.&lt;init&gt;(CabFareInvoice.java:4)
	at CabFareInvoice.&lt;init&gt;(CabFareInvoice.java:4)
	at CabFareInvoice.&lt;init&gt;(CabFareInvoice.java:4)
	at CabFareInvoice.&lt;init&gt;(CabFareInvoice.java:4)
	at CabFareInvoice.&lt;init&gt;(CabFareInvoice.java:4)
	at CabFareInvoice.&lt;init&gt;(CabFareInvoice.java:4)
	at CabFareInvoice.&lt;init&gt;(CabFareInvoice.java:4)
	at CabFareInvoice.&lt;init&gt;(CabFareInvoice.java:4)
	at CabFareInvoice.&lt;init&gt;(CabFareInvoice.java:4)
	at CabFareInvoice.&lt;init&gt;(CabFareInvoice.java:4)
	at CabFareInvoice.&lt;init&gt;(CabFareInvoice.java:4)
	at CabFareInvoice.&lt;init&gt;(CabFareInvoice.java:4)
	at CabFareInvoice.&lt;init&gt;(CabFareInvoice.java:4)
	at CabFareInvoice.&lt;init&gt;(CabFareInvoice.java:4)
	at CabFareInvoice.&lt;init&gt;(CabFareInvoice.java:4)
	at CabFareInvoice.&lt;init&gt;(CabFareInvoice.java:4)
	at CabFareInvoice.&lt;init&gt;(CabFareInvoice.java:4)
	at CabFareInvoice.&lt;init&gt;(CabFareInvoice.java:4)
	at CabFareInvoice.&lt;init&gt;(CabFareInvoice.java:4)
	at CabFareInvoice.&lt;init&gt;(CabFareInvoice.java:4)
	at CabFareInvoice.&lt;init&gt;(CabFareInvoice.java:4)
	at CabFareInvoice.&lt;init&gt;(CabFareInvoice.java:4)
	at CabFareInvoice.&lt;init&gt;(CabFareInvoice.java:4)
	at CabFareInvoice.&lt;init&gt;(CabFareInvoice.java:4)
	at CabFareInvoice.&lt;init&gt;(CabFareInvoice.java:4)
	at CabFareInvoice.&lt;init&gt;(CabFareInvoice.java:4)
	at CabFareInvoice.&lt;init&gt;(CabFareInvoice.java:4)
	at CabFareInvoice.&lt;init&gt;(CabFareInvoice.java:4)
	at CabFareInvoice.&lt;init&gt;(CabFareInvoice.java:4)
	at CabFareInvoice.&lt;init&gt;(CabFareInvoice.java:4)
	at CabFareInvoice.&lt;init&gt;(CabFareInvoice.java:4)
	at CabFareInvoice.&lt;init&gt;(CabFareInvoice.java:4)
	at CabFareInvoice.&lt;init&gt;(CabFareInvoice.java:4)
	at CabFareInvoice.&lt;init&gt;(CabFareInvoice.java:4)
	at CabFareInvoice.&lt;init&gt;(CabFareInvoice.java:4)
	at CabFareInvoice.&lt;init&gt;(CabFareInvoice.java:4)
	at CabFareInvoice.&lt;init&gt;(CabFareInvoice.java:4)
	at CabFareInvoice.&lt;init&gt;(CabFareInvoice.java:4)
	at CabFareInvoice.&lt;init&gt;(CabFareInvoice.java:4)
	at CabFareInvoice.&lt;init&gt;(CabFareInvoice.java:4)
	at CabFareInvoice.&lt;init&gt;(CabFareInvoice.java:4)
	at CabFareInvoice.&lt;init&gt;(CabFareInvoice.java:4)
	at CabFareInvoice.&lt;init&gt;(CabFareInvoice.java:4)
	at CabFareInvoice.&lt;init&gt;(CabFareInvoice.java:4)
	at CabFareInvoice.&lt;init&gt;(CabFareInvoice.java:4)
	at CabFareInvoice.&lt;init&gt;(CabFareInvoice.java:4)
	at CabFareInvoice.&lt;init&gt;(CabFareInvoice.java:4)
	at CabFareInvoice.&lt;init&gt;(CabFareInvoice.java:4)
	at CabFareInvoice.&lt;init&gt;(CabFareInvoice.java:4)
	at CabFareInvoice.&lt;init&gt;(CabFareInvoice.java:4)
	at CabFareInvoice.&lt;init&gt;(CabFareInvoice.java:4)
	at CabFareInvoice.&lt;init&gt;(CabFareInvoice.java:4)
	at CabFareInvoice.&lt;init&gt;(CabFareInvoice.java:4)
	at CabFareInvoice.&lt;init&gt;(CabFareInvoice.java:4)
	at CabFareInvoice.&lt;init&gt;(CabFareInvoice.java:4)
	at CabFareInvoice.&lt;init&gt;(CabFareInvoice.java:4)
	at CabFareInvoice.&lt;init&gt;(CabFareInvoice.java:4)
	at CabFareInvoice.&lt;init&gt;(CabFareInvoice.java:4)
	at CabFareInvoice.&lt;init&gt;(CabFareInvoice.java:4)
	at CabFareInvoice.&lt;init&gt;(CabFareInvoice.java:4)
	at CabFareInvoice.&lt;init&gt;(CabFareInvoice.java:4)
	at CabFareInvoice.&lt;init&gt;(CabFareInvoice.java:4)
	at CabFareInvoice.&lt;init&gt;(CabFareInvoice.java:4)
	at CabFareInvoice.&lt;init&gt;(CabFareInvoice.java:4)
	at CabFareInvoice.&lt;init&gt;(CabFareInvoice.java:4)
	at CabFareInvoice.&lt;init&gt;(CabFareInvoice.java:4)
	at CabFareInvoice.&lt;init&gt;(CabFareInvoice.java:4)
	at CabFareInvoice.&lt;init&gt;(CabFareInvoice.java:4)
	at CabFareInvoice.&lt;init&gt;(CabFareInvoice.java:4)
	at CabFareInvoice.&lt;init&gt;(CabFareInvoice.java:4)
	at CabFareInvoice.&lt;init&gt;(CabFareInvoice.java:4)
	at CabFareInvoice.&lt;init&gt;(CabFareInvoice.java:4)
	at CabFareInvoice.&lt;init&gt;(CabFareInvoice.java:4)
	at CabFareInvoice.&lt;init&gt;(CabFareInvoice.java:4)
	at CabFareInvoice.&lt;init&gt;(CabFareInvoice.java:4)
	at CabFareInvoice.&lt;init&gt;(CabFareInvoice.java:4)
	at CabFareInvoice.&lt;init&gt;(CabFareInvoice.java:4)
	at CabFareInvoice.&lt;init&gt;(CabFareInvoice.java:4)
	at CabFareInvoice.&lt;init&gt;(CabFareInvoice.java:4)
	at CabFareInvoice.&lt;init&gt;(CabFareInvoice.java:4)
	at CabFareInvoice.&lt;init&gt;(CabFareInvoice.java:4)
	at CabFareInvoice.&lt;init&gt;(CabFareInvoice.java:4)
	at CabFareInvoice.&lt;init&gt;(CabFareInvoice.java:4)
	at CabFareInvoice.&lt;init&gt;(CabFareInvoice.java:4)
	at CabFareInvoice.&lt;init&gt;(CabFareInvoice.java:4)
	at CabFareInvoice.&lt;init&gt;(CabFareInvoice.java:4)
	at CabFareInvoice.&lt;init&gt;(CabFareInvoice.java:4)
	at CabFareInvoice.&lt;init&gt;(CabFareInvoice.java:4)
	at CabFareInvoice.&lt;init&gt;(CabFareInvoice.java:4)
	at CabFareInvoice.&lt;init&gt;(CabFareInvoice.java:4)
	at CabFareInvoice.&lt;init&gt;(CabFareInvoice.java:4)
	at CabFareInvoice.&lt;init&gt;(CabFareInvoice.java:4)
	at CabFareInvoice.&lt;init&gt;(CabFareInvoice.java:4)
	at CabFareInvoice.&lt;init&gt;(CabFareInvoice.java:4)
	at CabFareInvoice.&lt;init&gt;(CabFareInvoice.java:4)
	at CabFareInvoice.&lt;init&gt;(CabFareInvoice.java:4)
	at CabFareInvoice.&lt;init&gt;(CabFareInvoice.java:4)
	at CabFareInvoice.&lt;init&gt;(CabFareInvoice.java:4)
	at CabFareInvoice.&lt;init&gt;(CabFareInvoice.java:4)
	at CabFareInvoice.&lt;init&gt;(CabFareInvoice.java:4)
	at CabFareInvoice.&lt;init&gt;(CabFareInvoice.java:4)
	at CabFareInvoice.&lt;init&gt;(CabFareInvoice.java:4)
	at CabFareInvoice.&lt;init&gt;(CabFareInvoice.java:4)
	at CabFareInvoice.&lt;init&gt;(CabFareInvoice.java:4)
	at CabFareInvoice.&lt;init&gt;(CabFareInvoice.java:4)
	at CabFareInvoice.&lt;init&gt;(CabFareInvoice.java:4)
	at CabFareInvoice.&lt;init&gt;(CabFareInvoice.java:4)
	at CabFareInvoice.&lt;init&gt;(CabFareInvoice.java:4)
	at CabFareInvoice.&lt;init&gt;(CabFareInvoice.java:4)
	at CabFareInvoice.&lt;init&gt;(CabFareInvoice.java:4)
	at CabFareInvoice.&lt;init&gt;(CabFareInvoice.java:4)
	at CabFareInvoice.&lt;init&gt;(CabFareInvoice.java:4)
	at CabFareInvoice.&lt;init&gt;(CabFareInvoice.java:4)
	at CabFareInvoice.&lt;init&gt;(CabFareInvoice.java:4)
	at CabFareInvoice.&lt;init&gt;(CabFareInvoice.java:4)
	at CabFareInvoice.&lt;init&gt;(CabFareInvoice.java:4)
	at CabFareInvoice.&lt;init&gt;(CabFareInvoice.java:4)
	at CabFareInvoice.&lt;init&gt;(CabFareInvoice.java:4)
	at CabFareInvoice.&lt;init&gt;(CabFareInvoice.java:4)
	at CabFareInvoice.&lt;init&gt;(CabFareInvoice.java:4)
	at CabFareInvoice.&lt;init&gt;(CabFareInvoice.java:4)
	at CabFareInvoice.&lt;init&gt;(CabFareInvoice.java:4)
	at CabFareInvoice.&lt;init&gt;(CabFareInvoice.java:4)
	at CabFareInvoice.&lt;init&gt;(CabFareInvoice.java:4)
	at CabFareInvoice.&lt;init&gt;(CabFareInvoice.java:4)
	at CabFareInvoice.&lt;init&gt;(CabFareInvoice.java:4)
	at CabFareInvoice.&lt;init&gt;(CabFareInvoice.java:4)
	at CabFareInvoice.&lt;init&gt;(CabFareInvoice.java:4)
	at CabFareInvoice.&lt;init&gt;(CabFareInvoice.java:4)
	at CabFareInvoice.&lt;init&gt;(CabFareInvoice.java:4)
	at CabFareInvoice.&lt;init&gt;(CabFareInvoice.java:4)
	at CabFareInvoice.&lt;init&gt;(CabFareInvoice.java:4)
	at CabFareInvoice.&lt;init&gt;(CabFareInvoice.java:4)
	at CabFareInvoice.&lt;init&gt;(CabFareInvoice.java:4)
	at CabFareInvoice.&lt;init&gt;(CabFareInvoice.java:4)
	at CabFareInvoice.&lt;init&gt;(CabFareInvoice.java:4)
	at CabFareInvoice.&lt;init&gt;(CabFareInvoice.java:4)
	at CabFareInvoice.&lt;init&gt;(CabFareInvoice.java:4)
	at CabFareInvoice.&lt;init&gt;(CabFareInvoice.java:4)
	at CabFareInvoice.&lt;init&gt;(CabFareInvoice.java:4)
	at CabFareInvoice.&lt;init&gt;(CabFareInvoice.java:4)
	at CabFareInvoice.&lt;init&gt;(CabFareInvoice.java:4)
	at CabFareInvoice.&lt;init&gt;(CabFareInvoice.java:4)
	at CabFareInvoice.&lt;init&gt;(CabFareInvoice.java:4)
	at CabFareInvoice.&lt;init&gt;(CabFareInvoice.java:4)
	at CabFareInvoice.&lt;init&gt;(CabFareInvoice.java:4)
	at CabFareInvoice.&lt;init&gt;(CabFareInvoice.java:4)
	at CabFareInvoice.&lt;init&gt;(CabFareInvoice.java:4)
	at CabFareInvoice.&lt;init&gt;(CabFareInvoice.java:4)
	at CabFareInvoice.&lt;init&gt;(CabFareInvoice.java:4)
	at CabFareInvoice.&lt;init&gt;(CabFareInvoice.java:4)
	at CabFareInvoice.&lt;init&gt;(CabFareInvoice.java:4)
	at CabFareInvoice.&lt;init&gt;(CabFareInvoice.java:4)
	at CabFareInvoice.&lt;init&gt;(CabFareInvoice.java:4)
	at CabFareInvoice.&lt;init&gt;(CabFareInvoice.java:4)
	at CabFareInvoice.&lt;init&gt;(CabFareInvoice.java:4)
	at CabFareInvoice.&lt;init&gt;(CabFareInvoice.java:4)
	at CabFareInvoice.&lt;init&gt;(CabFareInvoice.java:4)
	at CabFareInvoice.&lt;init&gt;(CabFareInvoice.java:4)
	at CabFareInvoice.&lt;init&gt;(CabFareInvoice.java:4)
	at CabFareInvoice.&lt;init&gt;(CabFareInvoice.java:4)
	at CabFareInvoice.&lt;init&gt;(CabFareInvoice.java:4)
	at CabFareInvoice.&lt;init&gt;(CabFareInvoice.java:4)
	at CabFareInvoice.&lt;init&gt;(CabFareInvoice.java:4)
	at CabFareInvoice.&lt;init&gt;(CabFareInvoice.java:4)
	at CabFareInvoice.&lt;init&gt;(CabFareInvoice.java:4)
	at CabFareInvoice.&lt;init&gt;(CabFareInvoice.java:4)
	at CabFareInvoice.&lt;init&gt;(CabFareInvoice.java:4)
	at CabFareInvoice.&lt;init&gt;(CabFareInvoice.java:4)
	at CabFareInvoice.&lt;init&gt;(CabFareInvoice.java:4)
	at CabFareInvoice.&lt;init&gt;(CabFareInvoice.java:4)
	at CabFareInvoice.&lt;init&gt;(CabFareInvoice.java:4)
	at CabFareInvoice.&lt;init&gt;(CabFareInvoice.java:4)
	at CabFareInvoice.&lt;init&gt;(CabFareInvoice.java:4)
	at CabFareInvoice.&lt;init&gt;(CabFareInvoice.java:4)
	at CabFareInvoice.&lt;init&gt;(CabFareInvoice.java:4)
	at CabFareInvoice.&lt;init&gt;(CabFareInvoice.java:4)
	at CabFareInvoice.&lt;init&gt;(CabFareInvoice.java:4)
	at CabFareInvoice.&lt;init&gt;(CabFareInvoice.java:4)
	at CabFareInvoice.&lt;init&gt;(CabFareInvoice.java:4)
	at CabFareInvoice.&lt;init&gt;(CabFareInvoice.java:4)
	at CabFareInvoice.&lt;init&gt;(CabFareInvoice.java:4)
	at CabFareInvoice.&lt;init&gt;(CabFareInvoice.java:4)
	at CabFareInvoice.&lt;init&gt;(CabFareInvoice.java:4)
	at CabFareInvoice.&lt;init&gt;(CabFareInvoice.java:4)
	at CabFareInvoice.&lt;init&gt;(CabFareInvoice.java:4)
	at CabFareInvoice.&lt;init&gt;(CabFareInvoice.java:4)
	at CabFareInvoice.&lt;init&gt;(CabFareInvoice.java:4)
	at CabFareInvoice.&lt;init&gt;(CabFareInvoice.java:4)
	at CabFareInvoice.&lt;init&gt;(CabFareInvoice.java:4)
	at CabFareInvoice.&lt;init&gt;(CabFareInvoice.java:4)
	at CabFareInvoice.&lt;init&gt;(CabFareInvoice.java:4)
	at CabFareInvoice.&lt;init&gt;(CabFareInvoice.java:4)
	at CabFareInvoice.&lt;init&gt;(CabFareInvoice.java:4)
	at CabFareInvoice.&lt;init&gt;(CabFareInvoice.java:4)
	at CabFareInvoice.&lt;init&gt;(CabFareInvoice.java:4)
	at CabFareInvoice.&lt;init&gt;(CabFareInvoice.java:4)
	at CabFareInvoice.&lt;init&gt;(CabFareInvoice.java:4)
	at CabFareInvoice.&lt;init&gt;(CabFareInvoice.java:4)
	at CabFareInvoice.&lt;init&gt;(CabFareInvoice.java:4)
	at CabFareInvoice.&lt;init&gt;(CabFareInvoice.java:4)
	at CabFareInvoice.&lt;init&gt;(CabFareInvoice.java:4)
	at CabFareInvoice.&lt;init&gt;(CabFareInvoice.java:4)
	at CabFareInvoice.&lt;init&gt;(CabFareInvoice.java:4)
	at CabFareInvoice.&lt;init&gt;(CabFareInvoice.java:4)
	at CabFareInvoice.&lt;init&gt;(CabFareInvoice.java:4)
	at CabFareInvoice.&lt;init&gt;(CabFareInvoice.java:4)
	at CabFareInvoice.&lt;init&gt;(CabFareInvoice.java:4)
	at CabFareInvoice.&lt;init&gt;(CabFareInvoice.java:4)
	at CabFareInvoice.&lt;init&gt;(CabFareInvoice.java:4)
	at CabFareInvoice.&lt;init&gt;(CabFareInvoice.java:4)
	at CabFareInvoice.&lt;init&gt;(CabFareInvoice.java:4)
	at CabFareInvoice.&lt;init&gt;(CabFareInvoice.java:4)
	at CabFareInvoice.&lt;init&gt;(CabFareInvoice.java:4)
	at CabFareInvoice.&lt;init&gt;(CabFareInvoice.java:4)
	at CabFareInvoice.&lt;init&gt;(CabFareInvoice.java:4)
	at CabFareInvoice.&lt;init&gt;(CabFareInvoice.java:4)
	at CabFareInvoice.&lt;init&gt;(CabFareInvoice.java:4)
	at CabFareInvoice.&lt;init&gt;(CabFareInvoice.java:4)
	at CabFareInvoice.&lt;init&gt;(CabFareInvoice.java:4)
	at CabFareInvoice.&lt;init&gt;(CabFareInvoice.java:4)
	at CabFareInvoice.&lt;init&gt;(CabFareInvoice.java:4)
	at CabFareInvoice.&lt;init&gt;(CabFareInvoice.java:4)
	at CabFareInvoice.&lt;init&gt;(CabFareInvoice.java:4)
	at CabFareInvoice.&lt;init&gt;(CabFareInvoice.java:4)
	at CabFareInvoice.&lt;init&gt;(CabFareInvoice.java:4)
	at CabFareInvoice.&lt;init&gt;(CabFareInvoice.java:4)
	at CabFareInvoice.&lt;init&gt;(CabFareInvoice.java:4)
	at CabFareInvoice.&lt;init&gt;(CabFareInvoice.java:4)
	at CabFareInvoice.&lt;init&gt;(CabFareInvoice.java:4)
	at CabFareInvoice.&lt;init&gt;(CabFareInvoice.java:4)
	at CabFareInvoice.&lt;init&gt;(CabFareInvoice.java:4)
	at CabFareInvoice.&lt;init&gt;(CabFareInvoice.java:4)
	at CabFareInvoice.&lt;init&gt;(CabFareInvoice.java:4)
	at CabFareInvoice.&lt;init&gt;(CabFareInvoice.java:4)
	at CabFareInvoice.&lt;init&gt;(CabFareInvoice.java:4)
	at CabFareInvoice.&lt;init&gt;(CabFareInvoice.java:4)
	at CabFareInvoice.&lt;init&gt;(CabFareInvoice.java:4)
	at CabFareInvoice.&lt;init&gt;(CabFareInvoice.java:4)
	at CabFareInvoice.&lt;init&gt;(CabFareInvoice.java:4)
	at CabFareInvoice.&lt;init&gt;(CabFareInvoice.java:4)
	at CabFareInvoice.&lt;init&gt;(CabFareInvoice.java:4)
	at CabFareInvoice.&lt;init&gt;(CabFareInvoice.java:4)
	at CabFareInvoice.&lt;init&gt;(CabFareInvoice.java:4)
	at CabFareInvoice.&lt;init&gt;(CabFareInvoice.java:4)
	at CabFareInvoice.&lt;init&gt;(CabFareInvoice.java:4)
	at CabFareInvoice.&lt;init&gt;(CabFareInvoice.java:4)
	at CabFareInvoice.&lt;init&gt;(CabFareInvoice.java:4)
	at CabFareInvoice.&lt;init&gt;(CabFareInvoice.java:4)
	at CabFareInvoice.&lt;init&gt;(CabFareInvoice.java:4)
	at CabFareInvoice.&lt;init&gt;(CabFareInvoice.java:4)
	at CabFareInvoice.&lt;init&gt;(CabFareInvoice.java:4)
	at CabFareInvoice.&lt;init&gt;(CabFareInvoice.java:4)
	at CabFareInvoice.&lt;init&gt;(CabFareInvoice.java:4)
	at CabFareInvoice.&lt;init&gt;(CabFareInvoice.java:4)
	at CabFareInvoice.&lt;init&gt;(CabFareInvoice.java:4)
	at CabFareInvoice.&lt;init&gt;(CabFareInvoice.java:4)
	at CabFareInvoice.&lt;init&gt;(CabFareInvoice.java:4)
	at CabFareInvoice.&lt;init&gt;(CabFareInvoice.java:4)
	at CabFareInvoice.&lt;init&gt;(CabFareInvoice.java:4)
	at CabFareInvoice.&lt;init&gt;(CabFareInvoice.java:4)
	at CabFareInvoice.&lt;init&gt;(CabFareInvoice.java:4)
	at CabFareInvoice.&lt;init&gt;(CabFareInvoice.java:4)
	at CabFareInvoice.&lt;init&gt;(CabFareInvoice.java:4)
	at CabFareInvoice.&lt;init&gt;(CabFareInvoice.java:4)
	at CabFareInvoice.&lt;init&gt;(CabFareInvoice.java:4)
	at CabFareInvoice.&lt;init&gt;(CabFareInvoice.java:4)
	at CabFareInvoice.&lt;init&gt;(CabFareInvoice.java:4)
	at CabFareInvoice.&lt;init&gt;(CabFareInvoice.java:4)
	at CabFareInvoice.&lt;init&gt;(CabFareInvoice.java:4)
	at CabFareInvoice.&lt;init&gt;(CabFareInvoice.java:4)
	at CabFareInvoice.&lt;init&gt;(CabFareInvoice.java:4)
	at CabFareInvoice.&lt;init&gt;(CabFareInvoice.java:4)
	at CabFareInvoice.&lt;init&gt;(CabFareInvoice.java:4)
	at CabFareInvoice.&lt;init&gt;(CabFareInvoice.java:4)
	at CabFareInvoice.&lt;init&gt;(CabFareInvoice.java:4)
	at CabFareInvoice.&lt;init&gt;(CabFareInvoice.java:4)
	at CabFareInvoice.&lt;init&gt;(CabFareInvoice.java:4)
	at CabFareInvoice.&lt;init&gt;(CabFareInvoice.java:4)
	at CabFareInvoice.&lt;init&gt;(CabFareInvoice.java:4)
	at CabFareInvoice.&lt;init&gt;(CabFareInvoice.java:4)
	at CabFareInvoice.&lt;init&gt;(CabFareInvoice.java:4)
	at CabFareInvoice.&lt;init&gt;(CabFareInvoice.java:4)
	at CabFareInvoice.&lt;init&gt;(CabFareInvoice.java:4)
	at CabFareInvoice.&lt;init&gt;(CabFareInvoice.java:4)
	at CabFareInvoice.&lt;init&gt;(CabFareInvoice.java:4)
	at CabFareInvoice.&lt;init&gt;(CabFareInvoice.java:4)
	at CabFareInvoice.&lt;init&gt;(CabFareInvoice.java:4)
	at CabFareInvoice.&lt;init&gt;(CabFareInvoice.java:4)
	at CabFareInvoice.&lt;init&gt;(CabFareInvoice.java:4)
	at CabFareInvoice.&lt;init&gt;(CabFareInvoice.java:4)
	at CabFareInvoice.&lt;init&gt;(CabFareInvoice.java:4)
	at CabFareInvoice.&lt;init&gt;(CabFareInvoice.java:4)
	at CabFareInvoice.&lt;init&gt;(CabFareInvoice.java:4)
	at CabFareInvoice.&lt;init&gt;(CabFareInvoice.java:4)
	at CabFareInvoice.&lt;init&gt;(CabFareInvoice.java:4)
	at CabFareInvoice.&lt;init&gt;(CabFareInvoice.java:4)
	at CabFareInvoice.&lt;init&gt;(CabFareInvoice.java:4)
	at CabFareInvoice.&lt;init&gt;(CabFareInvoice.java:4)
	at CabFareInvoice.&lt;init&gt;(CabFareInvoice.java:4)
	at CabFareInvoice.&lt;init&gt;(CabFareInvoice.java:4)
	at CabFareInvoice.&lt;init&gt;(CabFareInvoice.java:4)
	at CabFareInvoice.&lt;init&gt;(CabFareInvoice.java:4)
	at CabFareInvoice.&lt;init&gt;(CabFareInvoice.java:4)
	at CabFareInvoice.&lt;init&gt;(CabFareInvoice.java:4)
	at CabFareInvoice.&lt;init&gt;(CabFareInvoice.java:4)
	at CabFareInvoice.&lt;init&gt;(CabFareInvoice.java:4)
	at CabFareInvoice.&lt;init&gt;(CabFareInvoice.java:4)
	at CabFareInvoice.&lt;init&gt;(CabFareInvoice.java:4)
	at CabFareInvoice.&lt;init&gt;(CabFareInvoice.java:4)
	at CabFareInvoice.&lt;init&gt;(CabFareInvoice.java:4)
	at CabFareInvoice.&lt;init&gt;(CabFareInvoice.java:4)
	at CabFareInvoice.&lt;init&gt;(CabFareInvoice.java:4)
	at CabFareInvoice.&lt;init&gt;(CabFareInvoice.java:4)
	at CabFareInvoice.&lt;init&gt;(CabFareInvoice.java:4)
	at CabFareInvoice.&lt;init&gt;(CabFareInvoice.java:4)
	at CabFareInvoice.&lt;init&gt;(CabFareInvoice.java:4)
	at CabFareInvoice.&lt;init&gt;(CabFareInvoice.java:4)
	at CabFareInvoice.&lt;init&gt;(CabFareInvoice.java:4)
	at CabFareInvoice.&lt;init&gt;(CabFareInvoice.java:4)
	at CabFareInvoice.&lt;init&gt;(CabFareInvoice.java:4)
	at CabFareInvoice.&lt;init&gt;(CabFareInvoice.java:4)
	at CabFareInvoice.&lt;init&gt;(CabFareInvoice.java:4)
	at CabFareInvoice.&lt;init&gt;(CabFareInvoice.java:4)
	at CabFareInvoice.&lt;init&gt;(CabFareInvoice.java:4)
	at CabFareInvoice.&lt;init&gt;(CabFareInvoice.java:4)
	at CabFareInvoice.&lt;init&gt;(CabFareInvoice.java:4)
	at CabFareInvoice.&lt;init&gt;(CabFareInvoice.java:4)
	at CabFareInvoice.&lt;init&gt;(CabFareInvoice.java:4)
	at CabFareInvoice.&lt;init&gt;(CabFareInvoice.java:4)
	at CabFareInvoice.&lt;init&gt;(CabFareInvoice.java:4)
	at CabFareInvoice.&lt;init&gt;(CabFareInvoice.java:4)
	at CabFareInvoice.&lt;init&gt;(CabFareInvoice.java:4)
	at CabFareInvoice.&lt;init&gt;(CabFareInvoice.java:4)
	at CabFareInvoice.&lt;init&gt;(CabFareInvoice.java:4)
	at CabFareInvoice.&lt;init&gt;(CabFareInvoice.java:4)
	at CabFareInvoice.&lt;init&gt;(CabFareInvoice.java:4)
	at CabFareInvoice.&lt;init&gt;(CabFareInvoice.java:4)
	at CabFareInvoice.&lt;init&gt;(CabFareInvoice.java:4)
	at CabFareInvoice.&lt;init&gt;(CabFareInvoice.java:4)
	at CabFareInvoice.&lt;init&gt;(CabFareInvoice.java:4)
	at CabFareInvoice.&lt;init&gt;(CabFareInvoice.java:4)
	at CabFareInvoice.&lt;init&gt;(CabFareInvoice.java:4)
	at CabFareInvoice.&lt;init&gt;(CabFareInvoice.java:4)
	at CabFareInvoice.&lt;init&gt;(CabFareInvoice.java:4)
	at CabFareInvoice.&lt;init&gt;(CabFareInvoice.java:4)
	at CabFareInvoice.&lt;init&gt;(CabFareInvoice.java:4)
	at CabFareInvoice.&lt;init&gt;(CabFareInvoice.java:4)
	at CabFareInvoice.&lt;init&gt;(CabFareInvoice.java:4)
	at CabFareInvoice.&lt;init&gt;(CabFareInvoice.java:4)
	at CabFareInvoice.&lt;init&gt;(CabFareInvoice.java:4)
	at CabFareInvoice.&lt;init&gt;(CabFareInvoice.java:4)
	at CabFareInvoice.&lt;init&gt;(CabFareInvoice.java:4)
	at CabFareInvoice.&lt;init&gt;(CabFareInvoice.java:4)
	at CabFareInvoice.&lt;init&gt;(CabFareInvoice.java:4)
	at CabFareInvoice.&lt;init&gt;(CabFareInvoice.java:4)
	at CabFareInvoice.&lt;init&gt;(CabFareInvoice.java:4)
	at CabFareInvoice.&lt;init&gt;(CabFareInvoice.java:4)
	at CabFareInvoice.&lt;init&gt;(CabFareInvoice.java:4)
	at CabFareInvoice.&lt;init&gt;(CabFareInvoice.java:4)
	at CabFareInvoice.&lt;init&gt;(CabFareInvoice.java:4)
	at CabFareInvoice.&lt;init&gt;(CabFareInvoice.java:4)
	at CabFareInvoice.&lt;init&gt;(CabFareInvoice.java:4)
	at CabFareInvoice.&lt;init&gt;(CabFareInvoice.java:4)
	at CabFareInvoice.&lt;init&gt;(CabFareInvoice.java:4)
	at CabFareInvoice.&lt;init&gt;(CabFareInvoice.java:4)
	at CabFareInvoice.&lt;init&gt;(CabFareInvoice.java:4)
	at CabFareInvoice.&lt;init&gt;(CabFareInvoice.java:4)
	at CabFareInvoice.&lt;init&gt;(CabFareInvoice.java:4)
	at CabFareInvoice.&lt;init&gt;(CabFareInvoice.java:4)
	at CabFareInvoice.&lt;init&gt;(CabFareInvoice.java:4)
	at CabFareInvoice.&lt;init&gt;(CabFareInvoice.java:4)
	at CabFareInvoice.&lt;init&gt;(CabFareInvoice.java:4)
	at CabFareInvoice.&lt;init&gt;(CabFareInvoice.java:4)
	at CabFareInvoice.&lt;init&gt;(CabFareInvoice.java:4)
	at CabFareInvoice.&lt;init&gt;(CabFareInvoice.java:4)
	at CabFareInvoice.&lt;init&gt;(CabFareInvoice.java:4)
	at CabFareInvoice.&lt;init&gt;(CabFareInvoice.java:4)
	at CabFareInvoice.&lt;init&gt;(CabFareInvoice.java:4)
	at CabFareInvoice.&lt;init&gt;(CabFareInvoice.java:4)
	at CabFareInvoice.&lt;init&gt;(CabFareInvoice.java:4)
	at CabFareInvoice.&lt;init&gt;(CabFareInvoice.java:4)
	at CabFareInvoice.&lt;init&gt;(CabFareInvoice.java:4)
	at CabFareInvoice.&lt;init&gt;(CabFareInvoice.java:4)
	at CabFareInvoice.&lt;init&gt;(CabFareInvoice.java:4)
	at CabFareInvoice.&lt;init&gt;(CabFareInvoice.java:4)
	at CabFareInvoice.&lt;init&gt;(CabFareInvoice.java:4)
	at CabFareInvoice.&lt;init&gt;(CabFareInvoice.java:4)
	at CabFareInvoice.&lt;init&gt;(CabFareInvoice.java:4)
	at CabFareInvoice.&lt;init&gt;(CabFareInvoice.java:4)
	at CabFareInvoice.&lt;init&gt;(CabFareInvoice.java:4)
	at CabFareInvoice.&lt;init&gt;(CabFareInvoice.java:4)
	at CabFareInvoice.&lt;init&gt;(CabFareInvoice.java:4)
	at CabFareInvoice.&lt;init&gt;(CabFareInvoice.java:4)
	at CabFareInvoice.&lt;init&gt;(CabFareInvoice.java:4)
	at CabFareInvoice.&lt;init&gt;(CabFareInvoice.java:4)
	at CabFareInvoice.&lt;init&gt;(CabFareInvoice.java:4)
	at CabFareInvoice.&lt;init&gt;(CabFareInvoice.java:4)
	at CabFareInvoice.&lt;init&gt;(CabFareInvoice.java:4)
	at CabFareInvoice.&lt;init&gt;(CabFareInvoice.java:4)
	at CabFareInvoice.&lt;init&gt;(CabFareInvoice.java:4)
	at CabFareInvoice.&lt;init&gt;(CabFareInvoice.java:4)
	at CabFareInvoice.&lt;init&gt;(CabFareInvoice.java:4)
	at CabFareInvoice.&lt;init&gt;(CabFareInvoice.java:4)
	at CabFareInvoice.&lt;init&gt;(CabFareInvoice.java:4)
	at CabFareInvoice.&lt;init&gt;(CabFareInvoice.java:4)
	at CabFareInvoice.&lt;init&gt;(CabFareInvoice.java:4)
	at CabFareInvoice.&lt;init&gt;(CabFareInvoice.java:4)
	at CabFareInvoice.&lt;init&gt;(CabFareInvoice.java:4)
	at CabFareInvoice.&lt;init&gt;(CabFareInvoice.java:4)
	at CabFareInvoice.&lt;init&gt;(CabFareInvoice.java:4)
	at CabFareInvoice.&lt;init&gt;(CabFareInvoice.java:4)
	at CabFareInvoice.&lt;init&gt;(CabFareInvoice.java:4)
	at CabFareInvoice.&lt;init&gt;(CabFareInvoice.java:4)
	at CabFareInvoice.&lt;init&gt;(CabFareInvoice.java:4)
	at CabFareInvoice.&lt;init&gt;(CabFareInvoice.java:4)
	at CabFareInvoice.&lt;init&gt;(CabFareInvoice.java:4)
	at CabFareInvoice.&lt;init&gt;(CabFareInvoice.java:4)
	at CabFareInvoice.&lt;init&gt;(CabFareInvoice.java:4)
	at CabFareInvoice.&lt;init&gt;(CabFareInvoice.java:4)
	at CabFareInvoice.&lt;init&gt;(CabFareInvoice.java:4)
	at CabFareInvoice.&lt;init&gt;(CabFareInvoice.java:4)
	at CabFareInvoice.&lt;init&gt;(CabFareInvoice.java:4)
	at CabFareInvoice.&lt;init&gt;(CabFareInvoice.java:4)
	at CabFareInvoice.&lt;init&gt;(CabFareInvoice.java:4)
	at CabFareInvoice.&lt;init&gt;(CabFareInvoice.java:4)
	at CabFareInvoice.&lt;init&gt;(CabFareInvoice.java:4)
	at CabFareInvoice.&lt;init&gt;(CabFareInvoice.java:4)
	at CabFareInvoice.&lt;init&gt;(CabFareInvoice.java:4)
	at CabFareInvoice.&lt;init&gt;(CabFareInvoice.java:4)
	at CabFareInvoice.&lt;init&gt;(CabFareInvoice.java:4)
	at CabFareInvoice.&lt;init&gt;(CabFareInvoice.java:4)
	at CabFareInvoice.&lt;init&gt;(CabFareInvoice.java:4)
	at CabFareInvoice.&lt;init&gt;(CabFareInvoice.java:4)
	at CabFareInvoice.&lt;init&gt;(CabFareInvoice.java:4)
	at CabFareInvoice.&lt;init&gt;(CabFareInvoice.java:4)
	at CabFareInvoice.&lt;init&gt;(CabFareInvoice.java:4)
	at CabFareInvoice.&lt;init&gt;(CabFareInvoice.java:4)
	at CabFareInvoice.&lt;init&gt;(CabFareInvoice.java:4)
	at CabFareInvoice.&lt;init&gt;(CabFareInvoice.java:4)
	at CabFareInvoice.&lt;init&gt;(CabFareInvoice.java:4)
	at CabFareInvoice.&lt;init&gt;(CabFareInvoice.java:4)
	at CabFareInvoice.&lt;init&gt;(CabFareInvoice.java:4)
	at CabFareInvoice.&lt;init&gt;(CabFareInvoice.java:4)
	at CabFareInvoice.&lt;init&gt;(CabFareInvoice.java:4)
	at CabFareInvoice.&lt;init&gt;(CabFareInvoice.java:4)
	at CabFareInvoice.&lt;init&gt;(CabFareInvoice.java:4)
	at CabFareInvoice.&lt;init&gt;(CabFareInvoice.java:4)
	at CabFareInvoice.&lt;init&gt;(CabFareInvoice.java:4)
	at CabFareInvoice.&lt;init&gt;(CabFareInvoice.java:4)
	at CabFareInvoice.&lt;init&gt;(CabFareInvoice.java:4)
	at CabFareInvoice.&lt;init&gt;(CabFareInvoice.java:4)
	at CabFareInvoice.&lt;init&gt;(CabFareInvoice.java:4)
	at CabFareInvoice.&lt;init&gt;(CabFareInvoice.java:4)
	at CabFareInvoice.&lt;init&gt;(CabFareInvoice.java:4)
	at CabFareInvoice.&lt;init&gt;(CabFareInvoice.java:4)
	at CabFareInvoice.&lt;init&gt;(CabFareInvoice.java:4)
	at CabFareInvoice.&lt;init&gt;(CabFareInvoice.java:4)
	at CabFareInvoice.&lt;init&gt;(CabFareInvoice.java:4)
	at CabFareInvoice.&lt;init&gt;(CabFareInvoice.java:4)
	at CabFareInvoice.&lt;init&gt;(CabFareInvoice.java:4)
	at CabFareInvoice.&lt;init&gt;(CabFareInvoice.java:4)
	at CabFareInvoice.&lt;init&gt;(CabFareInvoice.java:4)
	at CabFareInvoice.&lt;init&gt;(CabFareInvoice.java:4)
	at CabFareInvoice.&lt;init&gt;(CabFareInvoice.java:4)
	at CabFareInvoice.&lt;init&gt;(CabFareInvoice.java:4)
	at CabFareInvoice.&lt;init&gt;(CabFareInvoice.java:4)
	at CabFareInvoice.&lt;init&gt;(CabFareInvoice.java:4)
	at CabFareInvoice.&lt;init&gt;(CabFareInvoice.java:4)
	at CabFareInvoice.&lt;init&gt;(CabFareInvoice.java:4)
	at CabFareInvoice.&lt;init&gt;(CabFareInvoice.java:4)
	at CabFareInvoice.&lt;init&gt;(CabFareInvoice.java:4)
	at CabFareInvoice.&lt;init&gt;(CabFareInvoice.java:4)
	at CabFareInvoice.&lt;init&gt;(CabFareInvoice.java:4)
	at CabFareInvoice.&lt;init&gt;(CabFareInvoice.java:4)
	at CabFareInvoice.&lt;init&gt;(CabFareInvoice.java:4)
	at CabFareInvoice.&lt;init&gt;(CabFareInvoice.java:4)
	at CabFareInvoice.&lt;init&gt;(CabFareInvoice.java:4)
	at CabFareInvoice.&lt;init&gt;(CabFareInvoice.java:4)
	at CabFareInvoice.&lt;init&gt;(CabFareInvoice.java:4)
	at CabFareInvoice.&lt;init&gt;(CabFareInvoice.java:4)
	at CabFareInvoice.&lt;init&gt;(CabFareInvoice.java:4)
	at CabFareInvoice.&lt;init&gt;(CabFareInvoice.java:4)
	at CabFareInvoice.&lt;init&gt;(CabFareInvoice.java:4)
	at CabFareInvoice.&lt;init&gt;(CabFareInvoice.java:4)
	at CabFareInvoice.&lt;init&gt;(CabFareInvoice.java:4)
	at CabFareInvoice.&lt;init&gt;(CabFareInvoice.java:4)
	at CabFareInvoice.&lt;init&gt;(CabFareInvoice.java:4)
	at CabFareInvoice.&lt;init&gt;(CabFareInvoice.java:4)
	at CabFareInvoice.&lt;init&gt;(CabFareInvoice.java:4)
	at CabFareInvoice.&lt;init&gt;(CabFareInvoice.java:4)
	at CabFareInvoice.&lt;init&gt;(CabFareInvoice.java:4)
	at CabFareInvoice.&lt;init&gt;(CabFareInvoice.java:4)
	at CabFareInvoice.&lt;init&gt;(CabFareInvoice.java:4)
	at CabFareInvoice.&lt;init&gt;(CabFareInvoice.java:4)
	at CabFareInvoice.&lt;init&gt;(CabFareInvoice.java:4)
	at CabFareInvoice.&lt;init&gt;(CabFareInvoice.java:4)
	at CabFareInvoice.&lt;init&gt;(CabFareInvoice.java:4)
	at CabFareInvoice.&lt;init&gt;(CabFareInvoice.java:4)
	at CabFareInvoice.&lt;init&gt;(CabFareInvoice.java:4)
	at CabFareInvoice.&lt;init&gt;(CabFareInvoice.java:4)
	at CabFareInvoice.&lt;init&gt;(CabFareInvoice.java:4)
	at CabFareInvoice.&lt;init&gt;(CabFareInvoice.java:4)
	at CabFareInvoice.&lt;init&gt;(CabFareInvoice.java:4)
	at CabFareInvoice.&lt;init&gt;(CabFareInvoice.java:4)
	at CabFareInvoice.&lt;init&gt;(CabFareInvoice.java:4)
	at CabFareInvoice.&lt;init&gt;(CabFareInvoice.java:4)
	at CabFareInvoice.&lt;init&gt;(CabFareInvoice.java:4)
	at CabFareInvoice.&lt;init&gt;(CabFareInvoice.java:4)
	at CabFareInvoice.&lt;init&gt;(CabFareInvoice.java:4)
	at CabFareInvoice.&lt;init&gt;(CabFareInvoice.java:4)
	at CabFareInvoice.&lt;init&gt;(CabFareInvoice.java:4)
	at CabFareInvoice.&lt;init&gt;(CabFareInvoice.java:4)
	at CabFareInvoice.&lt;init&gt;(CabFareInvoice.java:4)
	at CabFareInvoice.&lt;init&gt;(CabFareInvoice.java:4)
	at CabFareInvoice.&lt;init&gt;(CabFareInvoice.java:4)
	at CabFareInvoice.&lt;init&gt;(CabFareInvoice.java:4)
	at CabFareInvoice.&lt;init&gt;(CabFareInvoice.java:4)
	at CabFareInvoice.&lt;init&gt;(CabFareInvoice.java:4)
	at CabFareInvoice.&lt;init&gt;(CabFareInvoice.java:4)
	at CabFareInvoice.&lt;init&gt;(CabFareInvoice.java:4)
	at CabFareInvoice.&lt;init&gt;(CabFareInvoice.java:4)
	at CabFareInvoice.&lt;init&gt;(CabFareInvoice.java:4)
	at CabFareInvoice.&lt;init&gt;(CabFareInvoice.java:4)
	at CabFareInvoice.&lt;init&gt;(CabFareInvoice.java:4)
	at CabFareInvoice.&lt;init&gt;(CabFareInvoice.java:4)
	at CabFareInvoice.&lt;init&gt;(CabFareInvoice.java:4)
	at CabFareInvoice.&lt;init&gt;(CabFareInvoice.java:4)
	at CabFareInvoice.&lt;init&gt;(CabFareInvoice.java:4)
	at CabFareInvoice.&lt;init&gt;(CabFareInvoice.java:4)
	at CabFareInvoice.&lt;init&gt;(CabFareInvoice.java:4)
	at CabFareInvoice.&lt;init&gt;(CabFareInvoice.java:4)
	at CabFareInvoice.&lt;init&gt;(CabFareInvoice.java:4)
	at CabFareInvoice.&lt;init&gt;(CabFareInvoice.java:4)
	at CabFareInvoice.&lt;init&gt;(CabFareInvoice.java:4)
	at CabFareInvoice.&lt;init&gt;(CabFareInvoice.java:4)
	at CabFareInvoice.&lt;init&gt;(CabFareInvoice.java:4)
	at CabFareInvoice.&lt;init&gt;(CabFareInvoice.java:4)
	at CabFareInvoice.&lt;init&gt;(CabFareInvoice.java:4)
	at CabFareInvoice.&lt;init&gt;(CabFareInvoice.java:4)
	at CabFareInvoice.&lt;init&gt;(CabFareInvoice.java:4)
	at CabFareInvoice.&lt;init&gt;(CabFareInvoice.java:4)
	at CabFareInvoice.&lt;init&gt;(CabFareInvoice.java:4)
	at CabFareInvoice.&lt;init&gt;(CabFareInvoice.java:4)
	at CabFareInvoice.&lt;init&gt;(CabFareInvoice.java:4)
	at CabFareInvoice.&lt;init&gt;(CabFareInvoice.java:4)
	at CabFareInvoice.&lt;init&gt;(CabFareInvoice.java:4)
	at CabFareInvoice.&lt;init&gt;(CabFareInvoice.java:4)
	at CabFareInvoice.&lt;init&gt;(CabFareInvoice.java:4)
	at CabFareInvoice.&lt;init&gt;(CabFareInvoice.java:4)
	at CabFareInvoice.&lt;init&gt;(CabFareInvoice.java:4)
	at CabFareInvoice.&lt;init&gt;(CabFareInvoice.java:4)
	at CabFareInvoice.&lt;init&gt;(CabFareInvoice.java:4)
	at CabFareInvoice.&lt;init&gt;(CabFareInvoice.java:4)
	at CabFareInvoice.&lt;init&gt;(CabFareInvoice.java:4)
	at CabFareInvoice.&lt;init&gt;(CabFareInvoice.java:4)
	at CabFareInvoice.&lt;init&gt;(CabFareInvoice.java:4)
	at CabFareInvoice.&lt;init&gt;(CabFareInvoice.java:4)
	at CabFareInvoice.&lt;init&gt;(CabFareInvoice.java:4)
	at CabFareInvoice.&lt;init&gt;(CabFareInvoice.java:4)
	at CabFareInvoice.&lt;init&gt;(CabFareInvoice.java:4)
	at CabFareInvoice.&lt;init&gt;(CabFareInvoice.java:4)
	at CabFareInvoice.&lt;init&gt;(CabFareInvoice.java:4)
	at CabFareInvoice.&lt;init&gt;(CabFareInvoice.java:4)
	at CabFareInvoice.&lt;init&gt;(CabFareInvoice.java:4)
	at CabFareInvoice.&lt;init&gt;(CabFareInvoice.java:4)
	at CabFareInvoice.&lt;init&gt;(CabFareInvoice.java:4)
	at CabFareInvoice.&lt;init&gt;(CabFareInvoice.java:4)
	at CabFareInvoice.&lt;init&gt;(CabFareInvoice.java:4)
	at CabFareInvoice.&lt;init&gt;(CabFareInvoice.java:4)
	at CabFareInvoice.&lt;init&gt;(CabFareInvoice.java:4)
	at CabFareInvoice.&lt;init&gt;(CabFareInvoice.java:4)
	at CabFareInvoice.&lt;init&gt;(CabFareInvoice.java:4)
	at CabFareInvoice.&lt;init&gt;(CabFareInvoice.java:4)
	at CabFareInvoice.&lt;init&gt;(CabFareInvoice.java:4)
	at CabFareInvoice.&lt;init&gt;(CabFareInvoice.java:4)
	at CabFareInvoice.&lt;init&gt;(CabFareInvoice.java:4)
	at CabFareInvoice.&lt;init&gt;(CabFareInvoice.java:4)
	at CabFareInvoice.&lt;init&gt;(CabFareInvoice.java:4)
	at CabFareInvoice.&lt;init&gt;(CabFareInvoice.java:4)
	at CabFareInvoice.&lt;init&gt;(CabFareInvoice.java:4)
	at CabFareInvoice.&lt;init&gt;(CabFareInvoice.java:4)
	at CabFareInvoice.&lt;init&gt;(CabFareInvoice.java:4)
	at CabFareInvoice.&lt;init&gt;(CabFareInvoice.java:4)
	at CabFareInvoice.&lt;init&gt;(CabFareInvoice.java:4)
	at CabFareInvoice.&lt;init&gt;(CabFareInvoice.java:4)
	at CabFareInvoice.&lt;init&gt;(CabFareInvoice.java:4)
	at CabFareInvoice.&lt;init&gt;(CabFareInvoice.java:4)
	at CabFareInvoice.&lt;init&gt;(CabFareInvoice.java:4)
	at CabFareInvoice.&lt;init&gt;(CabFareInvoice.java:4)
	at CabFareInvoice.&lt;init&gt;(CabFareInvoice.java:4)
	at CabFareInvoice.&lt;init&gt;(CabFareInvoice.java:4)
	at CabFareInvoice.&lt;init&gt;(CabFareInvoice.java:4)
	at CabFareInvoice.&lt;init&gt;(CabFareInvoice.java:4)
	at CabFareInvoice.&lt;init&gt;(CabFareInvoice.java:4)
	at CabFareInvoice.&lt;init&gt;(CabFareInvoice.java:4)
	at CabFareInvoice.&lt;init&gt;(CabFareInvoice.java:4)
	at CabFareInvoice.&lt;init&gt;(CabFareInvoice.java:4)
	at CabFareInvoice.&lt;init&gt;(CabFareInvoice.java:4)
	at CabFareInvoice.&lt;init&gt;(CabFareInvoice.java:4)
	at CabFareInvoice.&lt;init&gt;(CabFareInvoice.java:4)
	at CabFareInvoice.&lt;init&gt;(CabFareInvoice.java:4)
	at CabFareInvoice.&lt;init&gt;(CabFareInvoice.java:4)
	at CabFareInvoice.&lt;init&gt;(CabFareInvoice.java:4)
	at CabFareInvoice.&lt;init&gt;(CabFareInvoice.java:4)
	at CabFareInvoice.&lt;init&gt;(CabFareInvoice.java:4)
	at CabFareInvoice.&lt;init&gt;(CabFareInvoice.java:4)
	at CabFareInvoice.&lt;init&gt;(CabFareInvoice.java:4)
	at CabFareInvoice.&lt;init&gt;(CabFareInvoice.java:4)
	at CabFareInvoice.&lt;init&gt;(CabFareInvoice.java:4)
	at CabFareInvoice.&lt;init&gt;(CabFareInvoice.java:4)
	at CabFareInvoice.&lt;init&gt;(CabFareInvoice.java:4)
	at CabFareInvoice.&lt;init&gt;(CabFareInvoice.java:4)
	at CabFareInvoice.&lt;init&gt;(CabFareInvoice.java:4)
	at CabFareInvoice.&lt;init&gt;(CabFareInvoice.java:4)
	at CabFareInvoice.&lt;init&gt;(CabFareInvoice.java:4)
	at CabFareInvoice.&lt;init&gt;(CabFareInvoice.java:4)
	at CabFareInvoice.&lt;init&gt;(CabFareInvoice.java:4)
	at CabFareInvoice.&lt;init&gt;(CabFareInvoice.java:4)
	at CabFareInvoice.&lt;init&gt;(CabFareInvoice.java:4)
	at CabFareInvoice.&lt;init&gt;(CabFareInvoice.java:4)
	at CabFareInvoice.&lt;init&gt;(CabFareInvoice.java:4)
	at CabFareInvoice.&lt;init&gt;(CabFareInvoice.java:4)
	at CabFareInvoice.&lt;init&gt;(CabFareInvoice.java:4)
	at CabFareInvoice.&lt;init&gt;(CabFareInvoice.java:4)
	at CabFareInvoice.&lt;init&gt;(CabFareInvoice.java:4)
	at CabFareInvoice.&lt;init&gt;(CabFareInvoice.java:4)
	at CabFareInvoice.&lt;init&gt;(CabFareInvoice.java:4)
	at CabFareInvoice.&lt;init&gt;(CabFareInvoice.java:4)
	at CabFareInvoice.&lt;init&gt;(CabFareInvoice.java:4)
	at CabFareInvoice.&lt;init&gt;(CabFareInvoice.java:4)
	at CabFareInvoice.&lt;init&gt;(CabFareInvoice.java:4)
	at CabFareInvoice.&lt;init&gt;(CabFareInvoice.java:4)
	at CabFareInvoice.&lt;init&gt;(CabFareInvoice.java:4)
	at CabFareInvoice.&lt;init&gt;(CabFareInvoice.java:4)
	at CabFareInvoice.&lt;init&gt;(CabFareInvoice.java:4)
	at CabFareInvoice.&lt;init&gt;(CabFareInvoice.java:4)
	at CabFareInvoice.&lt;init&gt;(CabFareInvoice.java:4)
	at CabFareInvoice.&lt;init&gt;(CabFareInvoice.java:4)
	at CabFareInvoice.&lt;init&gt;(CabFareInvoice.java:4)
	at CabFareInvoice.&lt;init&gt;(CabFareInvoice.java:4)
	at CabFareInvoice.&lt;init&gt;(CabFareInvoice.java:4)
	at CabFareInvoice.&lt;init&gt;(CabFareInvoice.java:4)
	at CabFareInvoice.&lt;init&gt;(CabFareInvoice.java:4)
	at CabFareInvoice.&lt;init&gt;(CabFareInvoice.java:4)
	at CabFareInvoice.&lt;init&gt;(CabFareInvoice.java:4)
	at CabFareInvoice.&lt;init&gt;(CabFareInvoice.java:4)
	at CabFareInvoice.&lt;init&gt;(CabFareInvoice.java:4)
	at CabFareInvoice.&lt;init&gt;(CabFareInvoice.java:4)
	at CabFareInvoice.&lt;init&gt;(CabFareInvoice.java:4)
	at CabFareInvoice.&lt;init&gt;(CabFareInvoice.java:4)
	at CabFareInvoice.&lt;init&gt;(CabFareInvoice.java:4)
	at CabFareInvoice.&lt;init&gt;(CabFareInvoice.java:4)
	at CabFareInvoice.&lt;init&gt;(CabFareInvoice.java:4)
	at CabFareInvoice.&lt;init&gt;(CabFareInvoice.java:4)
	at CabFareInvoice.&lt;init&gt;(CabFareInvoice.java:4)
	at CabFareInvoice.&lt;init&gt;(CabFareInvoice.java:4)
	at CabFareInvoice.&lt;init&gt;(CabFareInvoice.java:4)
	at CabFareInvoice.&lt;init&gt;(CabFareInvoice.java:4)
	at CabFareInvoice.&lt;init&gt;(CabFareInvoice.java:4)
	at CabFareInvoice.&lt;init&gt;(CabFareInvoice.java:4)
	at CabFareInvoice.&lt;init&gt;(CabFareInvoice.java:4)
	at CabFareInvoice.&lt;init&gt;(CabFareInvoice.java:4)
	at CabFareInvoice.&lt;init&gt;(CabFareInvoice.java:4)
	at CabFareInvoice.&lt;init&gt;(CabFareInvoice.java:4)
	at CabFareInvoice.&lt;init&gt;(CabFareInvoice.java:4)
	at CabFareInvoice.&lt;init&gt;(CabFareInvoice.java:4)
	at CabFareInvoice.&lt;init&gt;(CabFareInvoice.java:4)
	at CabFareInvoice.&lt;init&gt;(CabFareInvoice.java:4)
	at CabFareInvoice.&lt;init&gt;(CabFareInvoice.java:4)
	at CabFareInvoice.&lt;init&gt;(CabFareInvoice.java:4)
	at CabFareInvoice.&lt;init&gt;(CabFareInvoice.java:4)
	at CabFareInvoice.&lt;init&gt;(CabFareInvoice.java:4)
	at CabFareInvoice.&lt;init&gt;(CabFareInvoice.java:4)
	at CabFareInvoice.&lt;init&gt;(CabFareInvoice.java:4)
	at CabFareInvoice.&lt;init&gt;(CabFareInvoice.java:4)
	at CabFareInvoice.&lt;init&gt;(CabFareInvoice.java:4)
	at CabFareInvoice.&lt;init&gt;(CabFareInvoice.java:4)
	at CabFareInvoice.&lt;init&gt;(CabFareInvoice.java:4)
	at CabFareInvoice.&lt;init&gt;(CabFareInvoice.java:4)
	at CabFareInvoice.&lt;init&gt;(CabFareInvoice.java:4)
	at CabFareInvoice.&lt;init&gt;(CabFareInvoice.java:4)
	at CabFareInvoice.&lt;init&gt;(CabFareInvoice.java:4)
	at CabFareInvoice.&lt;init&gt;(CabFareInvoice.java:4)
	at CabFareInvoice.&lt;init&gt;(CabFareInvoice.java:4)
	at CabFareInvoice.&lt;init&gt;(CabFareInvoice.java:4)
	at CabFareInvoice.&lt;init&gt;(CabFareInvoice.java:4)
	at CabFareInvoice.&lt;init&gt;(CabFareInvoice.java:4)
	at CabFareInvoice.&lt;init&gt;(CabFareInvoice.java:4)
	at CabFareInvoice.&lt;init&gt;(CabFareInvoice.java:4)
	at CabFareInvoice.&lt;init&gt;(CabFareInvoice.java:4)
	at CabFareInvoice.&lt;init&gt;(CabFareInvoice.java:4)
	at CabFareInvoice.&lt;init&gt;(CabFareInvoice.java:4)
	at CabFareInvoice.&lt;init&gt;(CabFareInvoice.java:4)
	at CabFareInvoice.&lt;init&gt;(CabFareInvoice.java:4)
	at CabFareInvoice.&lt;init&gt;(CabFareInvoice.java:4)
	at CabFareInvoice.&lt;init&gt;(CabFareInvoice.java:4)
	at CabFareInvoice.&lt;init&gt;(CabFareInvoice.java:4)
	at CabFareInvoice.&lt;init&gt;(CabFareInvoice.java:4)
	at CabFareInvoice.&lt;init&gt;(CabFareInvoice.java:4)
	at CabFareInvoice.&lt;init&gt;(CabFareInvoice.java:4)
	at CabFareInvoice.&lt;init&gt;(CabFareInvoice.java:4)
	at CabFareInvoice.&lt;init&gt;(CabFareInvoice.java:4)
	at CabFareInvoice.&lt;init&gt;(CabFareInvoice.java:4)
	at CabFareInvoice.&lt;init&gt;(CabFareInvoice.java:4)
	at CabFareInvoice.&lt;init&gt;(CabFareInvoice.java:4)
	at CabFareInvoice.&lt;init&gt;(CabFareInvoice.java:4)
	at CabFareInvoice.&lt;init&gt;(CabFareInvoice.java:4)
	at CabFareInvoice.&lt;init&gt;(CabFareInvoice.java:4)
	at CabFareInvoice.&lt;init&gt;(CabFareInvoice.java:4)
	at CabFareInvoice.&lt;init&gt;(CabFareInvoice.java:4)
	at CabFareInvoice.&lt;init&gt;(CabFareInvoice.java:4)
	at CabFareInvoice.&lt;init&gt;(CabFareInvoice.java:4)
	at CabFareInvoice.&lt;init&gt;(CabFareInvoice.java:4)
	at CabFareInvoice.&lt;init&gt;(CabFareInvoice.java:4)
	at CabFareInvoice.&lt;init&gt;(CabFareInvoice.java:4)
	at CabFareInvoice.&lt;init&gt;(CabFareInvoice.java:4)
	at CabFareInvoice.&lt;init&gt;(CabFareInvoice.java:4)
	at CabFareInvoice.&lt;init&gt;(CabFareInvoice.java:4)
	at CabFareInvoice.&lt;init&gt;(CabFareInvoice.java:4)
	at CabFareInvoice.&lt;init&gt;(CabFareInvoice.java:4)
	at CabFareInvoice.&lt;init&gt;(CabFareInvoice.java:4)
	at CabFareInvoice.&lt;init&gt;(CabFareInvoice.java:4)
	at CabFareInvoice.&lt;init&gt;(CabFareInvoice.java:4)
	at CabFareInvoice.&lt;init&gt;(CabFareInvoice.java:4)
	at CabFareInvoice.&lt;init&gt;(CabFareInvoice.java:4)
	at CabFareInvoice.&lt;init&gt;(CabFareInvoice.java:4)
	at CabFareInvoice.&lt;init&gt;(CabFareInvoice.java:4)
	at CabFareInvoice.&lt;init&gt;(CabFareInvoice.java:4)
	at CabFareInvoice.&lt;init&gt;(CabFareInvoice.java:4)
	at CabFareInvoice.&lt;init&gt;(CabFareInvoice.java:4)
	at CabFareInvoice.&lt;init&gt;(CabFareInvoice.java:4)
	at CabFareInvoice.&lt;init&gt;(CabFareInvoice.java:4)
	at CabFareInvoice.&lt;init&gt;(CabFareInvoice.java:4)
	at CabFareInvoice.&lt;init&gt;(CabFareInvoice.java:4)
	at CabFareInvoice.&lt;init&gt;(CabFareInvoice.java:4)
	at CabFareInvoice.&lt;init&gt;(CabFareInvoice.java:4)
	at CabFareInvoice.&lt;init&gt;(CabFareInvoice.java:4)
	at CabFareInvoice.&lt;init&gt;(CabFareInvoice.java:4)
	at CabFareInvoice.&lt;init&gt;(CabFareInvoice.java:4)
	at CabFareInvoice.&lt;init&gt;(CabFareInvoice.java:4)
	at CabFareInvoice.&lt;init&gt;(CabFareInvoice.java:4)
	at CabFareInvoice.&lt;init&gt;(CabFareInvoice.java:4)
	at CabFareInvoice.&lt;init&gt;(CabFareInvoice.java:4)
	at CabFareInvoice.&lt;init&gt;(CabFareInvoice.java:4)
	at CabFareInvoice.&lt;init&gt;(CabFareInvoice.java:4)
	at CabFareInvoice.&lt;init&gt;(CabFareInvoice.java:4)
	at CabFareInvoice.&lt;init&gt;(CabFareInvoice.java:4)
	at CabFareInvoice.&lt;init&gt;(CabFareInvoice.java:4)
	at CabFareInvoice.&lt;init&gt;(CabFareInvoice.java:4)
	at CabFareInvoice.&lt;init&gt;(CabFareInvoice.java:4)
	at CabFareInvoice.&lt;init&gt;(CabFareInvoice.java:4)
	at CabFareInvoice.&lt;init&gt;(CabFareInvoice.java:4)
	at CabFareInvoice.&lt;init&gt;(CabFareInvoice.java:4)
	at CabFareInvoice.&lt;init&gt;(CabFareInvoice.java:4)
	at CabFareInvoice.&lt;init&gt;(CabFareInvoice.java:4)
	at CabFareInvoice.&lt;init&gt;(CabFareInvoice.java:4)
	at CabFareInvoice.&lt;init&gt;(CabFareInvoice.java:4)
	at CabFareInvoice.&lt;init&gt;(CabFareInvoice.java:4)
	at CabFareInvoice.&lt;init&gt;(CabFareInvoice.java:4)
	at CabFareInvoice.&lt;init&gt;(CabFareInvoice.java:4)
	at CabFareInvoice.&lt;init&gt;(CabFareInvoice.java:4)
	at CabFareInvoice.&lt;init&gt;(CabFareInvoice.java:4)
	at CabFareInvoice.&lt;init&gt;(CabFareInvoice.java:4)
	at CabFareInvoice.&lt;init&gt;(CabFareInvoice.java:4)
	at CabFareInvoice.&lt;init&gt;(CabFareInvoice.java:4)
	at CabFareInvoice.&lt;init&gt;(CabFareInvoice.java:4)
	at CabFareInvoice.&lt;init&gt;(CabFareInvoice.java:4)
	at CabFareInvoice.&lt;init&gt;(CabFareInvoice.java:4)
	at CabFareInvoice.&lt;init&gt;(CabFareInvoice.java:4)
	at CabFareInvoice.&lt;init&gt;(CabFareInvoice.java:4)
	at CabFareInvoice.&lt;init&gt;(CabFareInvoice.java:4)
	at CabFareInvoice.&lt;init&gt;(CabFareInvoice.java:4)
	at CabFareInvoice.&lt;init&gt;(CabFareInvoice.java:4)
	at CabFareInvoice.&lt;init&gt;(CabFareInvoice.java:4)
	at CabFareInvoice.&lt;init&gt;(CabFareInvoice.java:4)
	at CabFareInvoice.&lt;init&gt;(CabFareInvoice.java:4)
	at CabFareInvoice.&lt;init&gt;(CabFareInvoice.java:4)
	at CabFareInvoice.&lt;init&gt;(CabFareInvoice.java:4)
	at CabFareInvoice.&lt;init&gt;(CabFareInvoice.java:4)
	at CabFareInvoice.&lt;init&gt;(CabFareInvoice.java:4)
	at CabFareInvoice.&lt;init&gt;(CabFareInvoice.java:4)
	at CabFareInvoice.&lt;init&gt;(CabFareInvoice.java:4)
	at CabFareInvoice.&lt;init&gt;(CabFareInvoice.java:4)
	at CabFareInvoice.&lt;init&gt;(CabFareInvoice.java:4)
	at CabFareInvoice.&lt;init&gt;(CabFareInvoice.java:4)
	at CabFareInvoice.&lt;init&gt;(CabFareInvoice.java:4)
	at CabFareInvoice.&lt;init&gt;(CabFareInvoice.java:4)
	at CabFareInvoice.&lt;init&gt;(CabFareInvoice.java:4)
	at CabFareInvoice.&lt;init&gt;(CabFareInvoice.java:4)
	at CabFareInvoice.&lt;init&gt;(CabFareInvoice.java:4)
	at CabFareInvoice.&lt;init&gt;(CabFareInvoice.java:4)
	at CabFareInvoice.&lt;init&gt;(CabFareInvoice.java:4)
	at CabFareInvoice.&lt;init&gt;(CabFareInvoice.java:4)
	at CabFareInvoice.&lt;init&gt;(CabFareInvoice.java:4)
	at CabFareInvoice.&lt;init&gt;(CabFareInvoice.java:4)
	at CabFareInvoice.&lt;init&gt;(CabFareInvoice.java:4)
	at CabFareInvoice.&lt;init&gt;(CabFareInvoice.java:4)
	at CabFareInvoice.&lt;init&gt;(CabFareInvoice.java:4)
	at CabFareInvoice.&lt;init&gt;(CabFareInvoice.java:4)
	at CabFareInvoice.&lt;init&gt;(CabFareInvoice.java:4)
	at CabFareInvoice.&lt;init&gt;(CabFareInvoice.java:4)
	at CabFareInvoice.&lt;init&gt;(CabFareInvoice.java:4)
	at CabFareInvoice.&lt;init&gt;(CabFareInvoice.java:4)
	at CabFareInvoice.&lt;init&gt;(CabFareInvoice.java:4)
	at CabFareInvoice.&lt;init&gt;(CabFareInvoice.java:4)
	at CabFareInvoice.&lt;init&gt;(CabFareInvoice.java:4)
	at CabFareInvoice.&lt;init&gt;(CabFareInvoice.java:4)
	at CabFareInvoice.&lt;init&gt;(CabFareInvoice.java:4)
	at CabFareInvoice.&lt;init&gt;(CabFareInvoice.java:4)
	at CabFareInvoice.&lt;init&gt;(CabFareInvoice.java:4)
	at CabFareInvoice.&lt;init&gt;(CabFareInvoice.java:4)
	at CabFareInvoice.&lt;init&gt;(CabFareInvoice.java:4)
	at CabFareInvoice.&lt;init&gt;(CabFareInvoice.java:4)
	at CabFareInvoice.&lt;init&gt;(CabFareInvoice.java:4)
	at CabFareInvoice.&lt;init&gt;(CabFareInvoice.java:4)
	at CabFareInvoice.&lt;init&gt;(CabFareInvoice.java:4)
	at CabFareInvoice.&lt;init&gt;(CabFareInvoice.java:4)
	at CabFareInvoice.&lt;init&gt;(CabFareInvoice.java:4)
	at CabFareInvoice.&lt;init&gt;(CabFareInvoice.java:4)
	at CabFareInvoice.&lt;init&gt;(CabFareInvoice.java:4)
	at CabFareInvoice.&lt;init&gt;(CabFareInvoice.java:4)
	at CabFareInvoice.&lt;init&gt;(CabFareInvoice.java:4)
	at CabFareInvoice.&lt;init&gt;(CabFareInvoice.java:4)
	at CabFareInvoice.&lt;init&gt;(CabFareInvoice.java:4)
	at CabFareInvoice.&lt;init&gt;(CabFareInvoice.java:4)
	at CabFareInvoice.&lt;init&gt;(CabFareInvoice.java:4)
	at CabFareInvoice.&lt;init&gt;(CabFareInvoice.java:4)
	at CabFareInvoice.&lt;init&gt;(CabFareInvoice.java:4)
	at CabFareInvoice.&lt;init&gt;(CabFareInvoice.java:4)
	at CabFareInvoice.&lt;init&gt;(CabFareInvoice.java:4)
	at CabFareInvoice.&lt;init&gt;(CabFareInvoice.java:4)
	at CabFareInvoice.&lt;init&gt;(CabFareInvoice.java:4)
	at CabFareInvoice.&lt;init&gt;(CabFareInvoice.java:4)
	at CabFareInvoice.&lt;init&gt;(CabFareInvoice.java:4)
	at CabFareInvoice.&lt;init&gt;(CabFareInvoice.java:4)
	at CabFareInvoice.&lt;init&gt;(CabFareInvoice.java:4)
	at CabFareInvoice.&lt;init&gt;(CabFareInvoice.java:4)
	at CabFareInvoice.&lt;init&gt;(CabFareInvoice.java:4)
	at CabFareInvoice.&lt;init&gt;(CabFareInvoice.java:4)
	at CabFareInvoice.&lt;init&gt;(CabFareInvoice.java:4)
	at CabFareInvoice.&lt;init&gt;(CabFareInvoice.java:4)
	at CabFareInvoice.&lt;init&gt;(CabFareInvoice.java:4)
	at CabFareInvoice.&lt;init&gt;(CabFareInvoice.java:4)
	at CabFareInvoice.&lt;init&gt;(CabFareInvoice.java:4)
	at CabFareInvoice.&lt;init&gt;(CabFareInvoice.java:4)
</failure>
  </testcase>
  <system-out><![CDATA[]]></system-out>
  <system-err><![CDATA[]]></system-err>
</testsuite>
